<?xml version="1.0" encoding="UTF-8"?>
<testsuite xmlns:xsi="http://www.w3.org/2001/XMLSchema-instance" xsi:noNamespaceSchemaLocation="https://maven.apache.org/surefire/maven-surefire-plugin/xsd/surefire-test-report.xsd" name="talendftp.testopenfigi_0_1.testopenfigiresponseparsing_0_1.TestOpenFIGIResponseParsingTest" time="0.958" tests="1" errors="1" skipped="0" failures="0">
  <properties>
[...]
</properties>
  <testcase name="testDefault" classname="talendftp.testopenfigi_0_1.testopenfigiresponseparsing_0_1.TestOpenFIGIResponseParsingTest" time="0.884">
    <error type="java.io.FileNotFoundException:">java.io.FileNotFoundException: 
	at talendftp.testopenfigi_0_1.testopenfigiresponseparsing_0_1.TestOpenFIGIResponseParsingTest.tFileCompare_1Process(TestOpenFIGIResponseParsingTest.java:4584)
	at talendftp.testopenfigi_0_1.testopenfigiresponseparsing_0_1.TestOpenFIGIResponseParsingTest.tFileInputDelimited_1Process(TestOpenFIGIResponseParsingTest.java:4404)
	at talendftp.testopenfigi_0_1.testopenfigiresponseparsing_0_1.TestOpenFIGIResponseParsingTest.tCreateTemporaryFile_1Process(TestOpenFIGIResponseParsingTest.java:825)
	at talendftp.testopenfigi_0_1.testopenfigiresponseparsing_0_1.TestOpenFIGIResponseParsingTest.tCreateTemporaryFile_2Process(TestOpenFIGIResponseParsingTest.java:650)
	at talendftp.testopenfigi_0_1.testopenfigiresponseparsing_0_1.TestOpenFIGIResponseParsingTest.runJobInTOS(TestOpenFIGIResponseParsingTest.java:5713)
	at talendftp.testopenfigi_0_1.testopenfigiresponseparsing_0_1.TestOpenFIGIResponseParsingTest.testDefault(TestOpenFIGIResponseParsingTest.java:5465)
</error>
    <system-out><![CDATA[[ERROR] 16:29:10 talendftp.testopenfigi_0_1.testopenfigiresponseparsing_0_1.TestOpenFIGIResponseParsingTest- tFileInputDelimited_1 -  (The system cannot find the path specified)
[FATAL] 16:29:10 talendftp.testopenfigi_0_1.testopenfigiresponseparsing_0_1.TestOpenFIGIResponseParsingTest- tFileCompare_1 
java.io.FileNotFoundException: 
	at java.io.FileInputStream.open0(Native Method) ~[?:?]
	at java.io.FileInputStream.open(FileInputStream.java:219) ~[?:?]
	at java.io.FileInputStream.<init>(FileInputStream.java:157) ~[?:?]
	at java.io.FileInputStream.<init>(FileInputStream.java:112) ~[?:?]
	at talendftp.testopenfigi_0_1.testopenfigiresponseparsing_0_1.TestOpenFIGIResponseParsingTest.tFileCompare_1Process(TestOpenFIGIResponseParsingTest.java:4584) [test-classes/:?]
	at talendftp.testopenfigi_0_1.testopenfigiresponseparsing_0_1.TestOpenFIGIResponseParsingTest.tFileInputDelimited_1Process(TestOpenFIGIResponseParsingTest.java:4404) [test-classes/:?]
	at talendftp.testopenfigi_0_1.testopenfigiresponseparsing_0_1.TestOpenFIGIResponseParsingTest.tCreateTemporaryFile_1Process(TestOpenFIGIResponseParsingTest.java:825) [test-classes/:?]
	at talendftp.testopenfigi_0_1.testopenfigiresponseparsing_0_1.TestOpenFIGIResponseParsingTest.tCreateTemporaryFile_2Process(TestOpenFIGIResponseParsingTest.java:650) [test-classes/:?]
	at talendftp.testopenfigi_0_1.testopenfigiresponseparsing_0_1.TestOpenFIGIResponseParsingTest.runJobInTOS(TestOpenFIGIResponseParsingTest.java:5713) [test-classes/:?]
	at talendftp.testopenfigi_0_1.testopenfigiresponseparsing_0_1.TestOpenFIGIResponseParsingTest.testDefault(TestOpenFIGIResponseParsingTest.java:5465) [test-classes/:?]
	at jdk.internal.reflect.NativeMethodAccessorImpl.invoke0(Native Method) ~[?:?]
	at jdk.internal.reflect.NativeMethodAccessorImpl.invoke(NativeMethodAccessorImpl.java:62) ~[?:?]
	at jdk.internal.reflect.DelegatingMethodAccessorImpl.invoke(DelegatingMethodAccessorImpl.java:43) ~[?:?]
	at java.lang.reflect.Method.invoke(Method.java:566) ~[?:?]
	at org.junit.runners.model.FrameworkMethod$1.runReflectiveCall(FrameworkMethod.java:59) [junit-4.13.2.jar:4.13.2]
	at org.junit.internal.runners.model.ReflectiveCallable.run(ReflectiveCallable.java:12) [junit-4.13.2.jar:4.13.2]
	at org.junit.runners.model.FrameworkMethod.invokeExplosively(FrameworkMethod.java:56) [junit-4.13.2.jar:4.13.2]
	at org.junit.internal.runners.statements.InvokeMethod.evaluate(InvokeMethod.java:17) [junit-4.13.2.jar:4.13.2]
	at org.junit.runners.ParentRunner$3.evaluate(ParentRunner.java:306) [junit-4.13.2.jar:4.13.2]
	at org.junit.runners.BlockJUnit4ClassRunner$1.evaluate(BlockJUnit4ClassRunner.java:100) [junit-4.13.2.jar:4.13.2]
	at org.junit.runners.ParentRunner.runLeaf(ParentRunner.java:366) [junit-4.13.2.jar:4.13.2]
	at org.junit.runners.BlockJUnit4ClassRunner.runChild(BlockJUnit4ClassRunner.java:103) [junit-4.13.2.jar:4.13.2]
	at org.junit.runners.BlockJUnit4ClassRunner.runChild(BlockJUnit4ClassRunner.java:63) [junit-4.13.2.jar:4.13.2]
	at org.junit.runners.ParentRunner$4.run(ParentRunner.java:331) [junit-4.13.2.jar:4.13.2]
	at org.junit.runners.ParentRunner$1.schedule(ParentRunner.java:79) [junit-4.13.2.jar:4.13.2]
	at org.junit.runners.ParentRunner.runChildren(ParentRunner.java:329) [junit-4.13.2.jar:4.13.2]
	at org.junit.runners.ParentRunner.access$100(ParentRunner.java:66) [junit-4.13.2.jar:4.13.2]
	at org.junit.runners.ParentRunner$2.evaluate(ParentRunner.java:293) [junit-4.13.2.jar:4.13.2]
	at org.junit.runners.ParentRunner$3.evaluate(ParentRunner.java:306) [junit-4.13.2.jar:4.13.2]
	at org.junit.runners.ParentRunner.run(ParentRunner.java:413) [junit-4.13.2.jar:4.13.2]
	at org.apache.maven.surefire.junit4.JUnit4Provider.execute(JUnit4Provider.java:365) [surefire-junit4-2.20.jar:2.20]
	at org.apache.maven.surefire.junit4.JUnit4Provider.executeWithRerun(JUnit4Provider.java:272) [surefire-junit4-2.20.jar:2.20]
	at org.apache.maven.surefire.junit4.JUnit4Provider.executeTestSet(JUnit4Provider.java:236) [surefire-junit4-2.20.jar:2.20]
	at org.apache.maven.surefire.junit4.JUnit4Provider.invoke(JUnit4Provider.java:159) [surefire-junit4-2.20.jar:2.20]
	at org.apache.maven.surefire.booter.ForkedBooter.invokeProviderInSameClassLoader(ForkedBooter.java:386) [surefire-booter-2.20.jar:2.20]
	at org.apache.maven.surefire.booter.ForkedBooter.runSuitesInProcess(ForkedBooter.java:323) [surefire-booter-2.20.jar:2.20]
	at org.apache.maven.surefire.booter.ForkedBooter.main(ForkedBooter.java:143) [surefire-booter-2.20.jar:2.20]
]]></system-out>
    <system-err><![CDATA[ (The system cannot find the path specified)
Exception in component tFileCompare_1 (TestOpenFIGIResponseParsing)
java.io.FileNotFoundException: 
	at java.base/java.io.FileInputStream.open0(Native Method)
	at java.base/java.io.FileInputStream.open(FileInputStream.java:219)
	at java.base/java.io.FileInputStream.<init>(FileInputStream.java:157)
	at java.base/java.io.FileInputStream.<init>(FileInputStream.java:112)
	at talendftp.testopenfigi_0_1.testopenfigiresponseparsing_0_1.TestOpenFIGIResponseParsingTest.tFileCompare_1Process(TestOpenFIGIResponseParsingTest.java:4584)
	at talendftp.testopenfigi_0_1.testopenfigiresponseparsing_0_1.TestOpenFIGIResponseParsingTest.tFileInputDelimited_1Process(TestOpenFIGIResponseParsingTest.java:4404)
	at talendftp.testopenfigi_0_1.testopenfigiresponseparsing_0_1.TestOpenFIGIResponseParsingTest.tCreateTemporaryFile_1Process(TestOpenFIGIResponseParsingTest.java:825)
	at talendftp.testopenfigi_0_1.testopenfigiresponseparsing_0_1.TestOpenFIGIResponseParsingTest.tCreateTemporaryFile_2Process(TestOpenFIGIResponseParsingTest.java:650)
	at talendftp.testopenfigi_0_1.testopenfigiresponseparsing_0_1.TestOpenFIGIResponseParsingTest.runJobInTOS(TestOpenFIGIResponseParsingTest.java:5713)
	at talendftp.testopenfigi_0_1.testopenfigiresponseparsing_0_1.TestOpenFIGIResponseParsingTest.testDefault(TestOpenFIGIResponseParsingTest.java:5465)
	at java.base/jdk.internal.reflect.NativeMethodAccessorImpl.invoke0(Native Method)
	at java.base/jdk.internal.reflect.NativeMethodAccessorImpl.invoke(NativeMethodAccessorImpl.java:62)
	at java.base/jdk.internal.reflect.DelegatingMethodAccessorImpl.invoke(DelegatingMethodAccessorImpl.java:43)
	at java.base/java.lang.reflect.Method.invoke(Method.java:566)
	at org.junit.runners.model.FrameworkMethod$1.runReflectiveCall(FrameworkMethod.java:59)
	at org.junit.internal.runners.model.ReflectiveCallable.run(ReflectiveCallable.java:12)
	at org.junit.runners.model.FrameworkMethod.invokeExplosively(FrameworkMethod.java:56)
	at org.junit.internal.runners.statements.InvokeMethod.evaluate(InvokeMethod.java:17)
	at org.junit.runners.ParentRunner$3.evaluate(ParentRunner.java:306)
	at org.junit.runners.BlockJUnit4ClassRunner$1.evaluate(BlockJUnit4ClassRunner.java:100)
	at org.junit.runners.ParentRunner.runLeaf(ParentRunner.java:366)
	at org.junit.runners.BlockJUnit4ClassRunner.runChild(BlockJUnit4ClassRunner.java:103)
	at org.junit.runners.BlockJUnit4ClassRunner.runChild(BlockJUnit4ClassRunner.java:63)
	at org.junit.runners.ParentRunner$4.run(ParentRunner.java:331)
	at org.junit.runners.ParentRunner$1.schedule(ParentRunner.java:79)
	at org.junit.runners.ParentRunner.runChildren(ParentRunner.java:329)
	at org.junit.runners.ParentRunner.access$100(ParentRunner.java:66)
	at org.junit.runners.ParentRunner$2.evaluate(ParentRunner.java:293)
	at org.junit.runners.ParentRunner$3.evaluate(ParentRunner.java:306)
	at org.junit.runners.ParentRunner.run(ParentRunner.java:413)
	at org.apache.maven.surefire.junit4.JUnit4Provider.execute(JUnit4Provider.java:365)
	at org.apache.maven.surefire.junit4.JUnit4Provider.executeWithRerun(JUnit4Provider.java:272)
	at org.apache.maven.surefire.junit4.JUnit4Provider.executeTestSet(JUnit4Provider.java:236)
	at org.apache.maven.surefire.junit4.JUnit4Provider.invoke(JUnit4Provider.java:159)
	at org.apache.maven.surefire.booter.ForkedBooter.invokeProviderInSameClassLoader(ForkedBooter.java:386)
	at org.apache.maven.surefire.booter.ForkedBooter.runSuitesInProcess(ForkedBooter.java:323)
	at org.apache.maven.surefire.booter.ForkedBooter.main(ForkedBooter.java:143)
]]></system-err>
  </testcase>
</testsuite>